<?xml version="1.0" encoding="UTF-8"?>
<!-- Generated by org.testng.reporters.JUnitXMLReporter -->
<testsuite ignored="10" hostname="PSDLAP385" failures="0" tests="1" name="Default test" time="17.851" errors="0" timestamp="2024-12-20T16:17:32 IST">
  <testcase classname="test.AboutUsTabTest" name="Validate_About_Us_Button_Click_TC_001" time="5.328"/>
  <testcase classname="test.AboutUsTabTest" name="Validate_COOKIE_POLICY_button_click_TC_007" time="0.0">
    <ignored/>
  </testcase> <!-- Validate_COOKIE_POLICY_button_click_TC_007 -->
  <testcase classname="test.AboutUsTabTest" name="Verify_Nav_bar_content_change_on_scroll_down_TC_005" time="0.0">
    <ignored/>
  </testcase> <!-- Verify_Nav_bar_content_change_on_scroll_down_TC_005 -->
  <testcase classname="test.AboutUsTabTest" name="Validate_Search_feature_TC_002" time="0.0">
    <ignored/>
  </testcase> <!-- Validate_Search_feature_TC_002 -->
  <testcase classname="test.AboutUsTabTest" name="Validate_TERMS_AND_CONDITIONS_button_click_TC_008" time="0.0">
    <ignored/>
  </testcase> <!-- Validate_TERMS_AND_CONDITIONS_button_click_TC_008 -->
  <testcase classname="test.AboutUsTabTest" name="Validate_CONTACT_US_ICON_button_click_TC_011" time="0.0">
    <ignored/>
  </testcase> <!-- Validate_CONTACT_US_ICON_button_click_TC_011 -->
  <testcase classname="test.AboutUsTabTest" name="Validate_second_JOIN_US_button_click_TC_003" time="0.0">
    <ignored/>
  </testcase> <!-- Validate_second_JOIN_US_button_click_TC_003 -->
  <testcase classname="test.AboutUsTabTest" name="Validate_PRIVACY_POLICY_button_click_TC_009" time="0.0">
    <ignored/>
  </testcase> <!-- Validate_PRIVACY_POLICY_button_click_TC_009 -->
  <testcase classname="test.AboutUsTabTest" name="Validate_CONTACT_US_button_click_TC_006" time="0.0">
    <ignored/>
  </testcase> <!-- Validate_CONTACT_US_button_click_TC_006 -->
  <testcase classname="test.AboutUsTabTest" name="Validate_LINKED_IN_ICON_button_click_TC_010" time="0.0">
    <ignored/>
  </testcase> <!-- Validate_LINKED_IN_ICON_button_click_TC_010 -->
  <testcase classname="test.AboutUsTabTest" name="Validate_first_JOIN_US_button_click_TC_003" time="0.0">
    <ignored/>
  </testcase> <!-- Validate_first_JOIN_US_button_click_TC_003 -->
</testsuite> <!-- Default test -->
