<?xml version="1.0" encoding="UTF-8"?>
<!-- Generated by org.testng.reporters.JUnitXMLReporter -->
<testsuite ignored="0" hostname="PSDLAP385" failures="2" tests="113" name="PursuitSoftwareTestSuite" time="2077.114" errors="0" timestamp="2024-12-20T16:56:48 IST">
  <testcase classname="test.HomeTabTest" name="Home_UI_landing_Page_HomeTab_TC_001" time="4.762"/>
  <testcase classname="test.HomeTabTest" name="Image_Slider_HomeTab_TC_002" time="2.949"/>
  <testcase classname="test.HomeTabTest" name="WE_CAN_HELP_YOUR_BUSINESS_HomeTab_TC_003" time="4.997"/>
  <testcase classname="test.HomeTabTest" name="MORE_ABOUT_US_HomeTab_TC_004" time="4.882"/>
  <testcase classname="test.HomeTabTest" name="GET_IN_TOUCH_HomeTab_TC_005" time="5.634"/>
  <testcase classname="test.HomeTabTest" name="VIEW_ALL_SERVICES_HomeTab_TC_005" time="8.825"/>
  <testcase classname="test.HomeTabTest" name="ARE_YOU_READY_TO_START_HomeTab_TC_005" time="5.74"/>
  <testcase classname="test.HomeTabTest" name="ABOUT_US_HomeTab_TC_005" time="7.759"/>
  <testcase classname="test.HomeTabTest" name="AVAILABLE_JOBS_HomeTab_TC_005" time="6.905"/>
  <testcase classname="test.HomeTabTest" name="CONTACT_US_HomeTab_TC_005" time="5.153"/>
  <testcase classname="test.HomeTabTest" name="Image_Slider_GET_IN_TOUCH_HomeTab_TC_005" time="4.969"/>
  <testcase classname="test.HomeTabTest" name="Image_Slider_FIND_OUT_MORE_ABOUT_US_HomeTab_TC_005" time="4.569"/>
  <testcase classname="test.AboutUsTabTest" name="Validate_About_Us_Button_Click_TC_001" time="4.343"/>
  <testcase classname="test.AboutUsTabTest" name="Validate_Search_feature_TC_002" time="6.526"/>
  <testcase classname="test.AboutUsTabTest" name="Validate_first_JOIN_US_button_click_TC_003" time="10.502"/>
  <testcase classname="test.AboutUsTabTest" name="Validate_second_JOIN_US_button_click_TC_003" time="9.421"/>
  <testcase classname="test.AboutUsTabTest" name="Verify_Nav_bar_content_change_on_scroll_down_TC_005" time="4.314"/>
  <testcase classname="test.AboutUsTabTest" name="Validate_CONTACT_US_button_click_TC_006" time="8.998"/>
  <testcase classname="test.AboutUsTabTest" name="Validate_COOKIE_POLICY_button_click_TC_007" time="7.212"/>
  <testcase classname="test.AboutUsTabTest" name="Validate_TERMS_AND_CONDITIONS_button_click_TC_008" time="7.513"/>
  <testcase classname="test.AboutUsTabTest" name="Validate_PRIVACY_POLICY_button_click_TC_009" time="7.789"/>
  <testcase classname="test.AboutUsTabTest" name="Validate_LINKED_IN_ICON_button_click_TC_010" time="5.524"/>
  <testcase classname="test.AboutUsTabTest" name="Validate_CONTACT_US_ICON_button_click_TC_011" time="5.682"/>
  <testcase classname="test.ServicesTabTest" name="Validate_Services_Button_Click_TC_001" time="4.876"/>
  <testcase classname="test.ServicesTabTest" name="Validate_PRODUCT_ENGINEERING_Button_Click_TC_002" time="8.96"/>
  <testcase classname="test.ServicesTabTest" name="Validate_CLOUD_Button_Click_TC_003" time="11.054"/>
  <testcase classname="test.ServicesTabTest" name="Validate_STRATEGIC_CONSULTING_Button_Click_TC_004" time="4.962"/>
  <testcase classname="test.ServicesTabTest" name="Validate_LearnMore_PRODUCT_ENGINEERING_Button_Click_TC_005" time="10.49"/>
  <testcase classname="test.ServicesTabTest" name="Validate_LearnMore_CLOUD_Button_Click_TC_006" time="19.654"/>
  <testcase classname="test.ServicesTabTest" name="Validate_LearnMore_STRATEGIC_CONSULTING_Button_Click_TC_007" time="10.776"/>
  <testcase classname="test.ServicesTabTest" name="Validate_CONTACT_US_Button_Click_TC_008" time="15.481"/>
  <testcase classname="test.ServicesTabTest" name="Validate_JOIN_US_Button_Click_TC_009" time="10.347"/>
  <testcase classname="test.BlogsAndInsightsTest" name="Validate_BlogsAndInsights_Button_Click_TC_001" time="2.159"/>
  <testcase classname="test.BlogsAndInsightsTest" name="Validate_ReadMoreAboutUs_Button_Click_TC_002" time="4.394">
    <skipped/>
  </testcase> <!-- Validate_ReadMoreAboutUs_Button_Click_TC_002 -->
  <testcase classname="test.BlogsAndInsightsTest" name="Validate_ReadMoreAboutUs_Button_Click_TC_002" time="5.149">
    <skipped/>
  </testcase> <!-- Validate_ReadMoreAboutUs_Button_Click_TC_002 -->
  <testcase classname="test.BlogsAndInsightsTest" name="Validate_ReadMoreAboutUs_Button_Click_TC_002" time="4.118">
    <failure type="java.lang.AssertionError" message="expected [About Us - Pursuit Software] but found [Blogs &amp;amp; Insights - Pursuit Software]">
      <![CDATA[java.lang.AssertionError: expected [About Us - Pursuit Software] but found [Blogs & Insights - Pursuit Software]
at test.BlogsAndInsightsTest.Validate_ReadMoreAboutUs_Button_Click_TC_002(BlogsAndInsightsTest.java:31)
at java.base/java.util.ArrayList.forEach(ArrayList.java:1597)
... Removed 31 stack frames]]>
    </failure>
  </testcase> <!-- Validate_ReadMoreAboutUs_Button_Click_TC_002 -->
  <testcase classname="test.BlogsAndInsightsTest" name="Validate_ContactUs_Button_Click_TC_003" time="4.513">
    <skipped/>
  </testcase> <!-- Validate_ContactUs_Button_Click_TC_003 -->
  <testcase classname="test.BlogsAndInsightsTest" name="Validate_ContactUs_Button_Click_TC_003" time="4.577">
    <skipped/>
  </testcase> <!-- Validate_ContactUs_Button_Click_TC_003 -->
  <testcase classname="test.BlogsAndInsightsTest" name="Validate_ContactUs_Button_Click_TC_003" time="4.193">
    <failure type="java.lang.AssertionError" message="expected [Contact Us - Pursuit Software] but found [Blogs &amp;amp; Insights - Pursuit Software]">
      <![CDATA[java.lang.AssertionError: expected [Contact Us - Pursuit Software] but found [Blogs & Insights - Pursuit Software]
at test.BlogsAndInsightsTest.Validate_ContactUs_Button_Click_TC_003(BlogsAndInsightsTest.java:39)
at java.base/java.util.ArrayList.forEach(ArrayList.java:1597)
... Removed 31 stack frames]]>
    </failure>
  </testcase> <!-- Validate_ContactUs_Button_Click_TC_003 -->
  <testcase classname="test.BlogsAndInsightsTest" name="Validate_Page_2_Button_Click_TC_004" time="5.239"/>
  <testcase classname="test.BlogsAndInsightsTest" name="Validate_Blog_1_Button_Click_TC_005" time="6.23"/>
  <testcase classname="test.BlogsAndInsightsTest" name="Validate_Blog_2_Button_Click_TC_006" time="6.052"/>
  <testcase classname="test.BlogsAndInsightsTest" name="Validate_Blog_3_Button_Click_TC_007" time="6.245"/>
  <testcase classname="test.BlogsAndInsightsTest" name="Validate_Blog_4_Button_Click_TC_008" time="8.924"/>
  <testcase classname="test.BlogsAndInsightsTest" name="Validate_Blog_4_Button_Click_TC_009" time="9.112"/>
  <testcase classname="test.BlogsAndInsightsTest" name="Validate_Blog_4_Button_Click_TC_010" time="9.048"/>
  <testcase classname="test.CareersTabTest" name="TC_001_Validate_Career_Button_Click_" time="9.308"/>
  <testcase classname="test.CareersTabTest" name="TC_002_Validate_currentOpenings_Button_Click_" time="4.904"/>
  <testcase classname="test.CareersTabTest" name="TC_003_Validate_joinus_Button_Click_" time="5.327"/>
  <testcase classname="test.CareersTabTest" name="TC_004_Validate_joinus_Button_Click_" time="9.961"/>
  <testcase classname="test.CareersTabTest" name="TC_005_Validate_knowmoreaboutus_Button_Click_" time="10.008"/>
  <testcase classname="test.CareersTabTest" name="TC_006_Validate_moreaboutus_Button_Click_" time="11.831"/>
  <testcase classname="test.CareersTabTest" name="TC_007_Validate_getintouch_Button_Click_" time="11.851"/>
  <testcase classname="test.CareersTabTest" name="TC_008_Validate_videobtn_Button_Click_" time="7.643"/>
  <testcase classname="test.CareersTabTest" name="TC_009_Validate_contactus_Button_Click_" time="10.206"/>
  <testcase classname="test.CareersTabTest" name="TC_010_Validate_contactuss_Button_Click_" time="14.376"/>
  <testcase classname="test.CareersTabTest" name="TC_011_Validate_more_Button_Click_" time="12.699"/>
  <testcase classname="test.CareersTabTest" name="TC_0012_Validate_viewourjobopenings_Button_Click_" time="6.844"/>
  <testcase classname="test.CareersTabTest" name="TC_0013_Validate_joinuscurrent_Button_Click_" time="10.608"/>
  <testcase classname="test.CareersTabTest" name="TC_0014_Validate_Qualityengineeringlead_Button_Click_" time="6.762"/>
  <testcase classname="test.CareersTabTest" name="TC_0015_Validate_QualityengineeringleadAN_Button_Click_" time="8.443"/>
  <testcase classname="test.CareersTabTest" name="TC_0016_Validate_Qualityengineeringlead2_Button_Click_" time="6.367"/>
  <testcase classname="test.CareersTabTest" name="TC_0017_Validate_Qualityengineeringlead2AN_Button_Click_" time="8.748"/>
  <testcase classname="test.CareersTabTest" name="TC_0018_Validate_QualityengineeringleadSTE_Button_Click_" time="6.846"/>
  <testcase classname="test.CareersTabTest" name="TC_0019_Validate_QualityengineeringleadSTEAN_Button_Click_" time="9.045"/>
  <testcase classname="test.CareersTabTest" name="TC_0020_Validate_clickSeniorQEDataTesting_Button_Click_" time="6.933"/>
  <testcase classname="test.CareersTabTest" name="TC_0021_Validate_clickSeniorQEDataTestingAN_Button_Click_" time="8.909"/>
  <testcase classname="test.CareersTabTest" name="TC_0022_Validate_QELead_Button_Click_" time="6.406"/>
  <testcase classname="test.CareersTabTest" name="TC_0023_Validate_QELeadAN_Button_Click_" time="8.208"/>
  <testcase classname="test.CareersTabTest" name="TC_0024_Validate_SAPSDFunctionalConsultant_Button_Click_" time="21.584">
    <skipped/>
  </testcase> <!-- TC_0024_Validate_SAPSDFunctionalConsultant_Button_Click_ -->
  <testcase classname="test.CareersTabTest" name="TC_0024_Validate_SAPSDFunctionalConsultant_Button_Click_" time="7.682"/>
  <testcase classname="test.CareersTabTest" name="TC_0025_Validate_SAPSDFunctionalConsultantAN_Button_Click_" time="9.137"/>
  <testcase classname="test.CareersTabTest" name="TC_0026_Validate_SeniorNet_Button_Click_" time="7.168"/>
  <testcase classname="test.CareersTabTest" name="TC_0027_Validate_SeniorNetAN_Button_Click_" time="9.139"/>
  <testcase classname="test.CareersTabTest" name="TC_0028_Validate_QELeadArchitectIndia_Button_Click_" time="6.359"/>
  <testcase classname="test.CareersTabTest" name="TC_0029_Validate_QELeadArchitectIndiaAN_Button_Click_" time="8.871"/>
  <testcase classname="test.CareersTabTest" name="TC_0030_Validate_PerformanceTesterIndia_Button_Click_" time="6.84"/>
  <testcase classname="test.CareersTabTest" name="TC_0031_PerformanceTesterIndiaAN_Button_Click_" time="9.922"/>
  <testcase classname="test.CareersTabTest" name="TC_0032_DataSciMLEngIndia_Button_Click_" time="6.632"/>
  <testcase classname="test.CareersTabTest" name="TC_0033_DataSciMLEngIndiaAN_Button_Click_" time="8.848"/>
  <testcase classname="test.CareersTabTest" name="TC_0034_clickSeniorQualityAutomationEngineer_Button_Click_" time="7.331"/>
  <testcase classname="test.CareersTabTest" name="TC_0035_clickSeniorQualityAutomationEngineerAN_Button_Click_" time="8.602"/>
  <testcase classname="test.CareersTabTest" name="TC_0036_clickSeniorQualityEngineerIndia_Button_Click_" time="6.769"/>
  <testcase classname="test.CareersTabTest" name="TC_0037_clickSeniorQualityEngineerIndiaAN_Button_Click_" time="8.766"/>
  <testcase classname="test.CareersTabTest" name="Validate_Azure_Developer_India_TC_038" time="6.812"/>
  <testcase classname="test.CareersTabTest" name="Validate__Azure_Developer_India_ApplyNow_TC_039" time="8.58"/>
  <testcase classname="test.CareersTabTest" name="Validate_Fluter_Developer_TC_040" time="6.407"/>
  <testcase classname="test.CareersTabTest" name="Validate__Fluter_Developer_India_ApplyNow_TC_041" time="8.928"/>
  <testcase classname="test.CareersTabTest" name="Validate_Performance_Engineer_India_TC_042" time="6.373"/>
  <testcase classname="test.CareersTabTest" name="Validate_Performance_Engineer_India_ApplyNow_TC_043" time="8.464"/>
  <testcase classname="test.CareersTabTest" name="Validate_ToscaQa_TC_044" time="6.973"/>
  <testcase classname="test.CareersTabTest" name="Validate_ToscaQa_ApplyNow_TC_045" time="8.982"/>
  <testcase classname="test.CareersTabTest" name="Validate_QualityEngineer_TC_046" time="7.691"/>
  <testcase classname="test.CareersTabTest" name="Validate_QualityEngineer_ApplyNow_TC_047" time="8.08"/>
  <testcase classname="test.CareersTabTest" name="Validate_ItProjectManager_TC_048" time="21.723">
    <skipped/>
  </testcase> <!-- Validate_ItProjectManager_TC_048 -->
  <testcase classname="test.CareersTabTest" name="Validate_ItProjectManager_TC_048" time="7.146"/>
  <testcase classname="test.CareersTabTest" name="Validate_ItProjectManager_ApplyNow_TC_049" time="9.049"/>
  <testcase classname="test.CareersTabTest" name="Validate_SeniorQualityEngineer_TC_050" time="7.108"/>
  <testcase classname="test.CareersTabTest" name="Validate_SeniorQualityEngineer_ApplyNow_TC_051" time="10.23"/>
  <testcase classname="test.CareersTabTest" name="Validate_QaLead_TC_052" time="6.726"/>
  <testcase classname="test.CareersTabTest" name="Validate_QELead_ApplyNow_TC_053" time="8.937"/>
  <testcase classname="test.CareersTabTest" name="Validate_BusinessIntelligence_TC_054" time="7.006"/>
  <testcase classname="test.CareersTabTest" name="Validate_BusinessIntelligence_ApplyNow_TC_055" time="9.002"/>
  <testcase classname="test.CareersTabTest" name="Validate_SalseforceDeveloper_TC_056" time="7.243"/>
  <testcase classname="test.CareersTabTest" name="Validate_SalseforceDeveloper_ApplyNow_TC_057" time="10.552"/>
  <testcase classname="test.CareersTabTest" name="Validate_RdbmsApplicationDesiger_TC_058" time="7.086"/>
  <testcase classname="test.CareersTabTest" name="Validate_RdbmsApplicationDesiger_ApplyNow_TC_059" time="9.131"/>
  <testcase classname="test.ContactUsTabTest" name="Validate_ContactUs_Button_Click_TC_001" time="3.725"/>
  <testcase classname="test.ContactUsTabTest" name="Validate_Form_TC_002" time="8.589"/>
  <testcase classname="test.ContactUsTabTest" name="Validate_JOIN_US_Button_click_TC_003" time="9.032"/>
  <testcase classname="test.ContactUsTabTest" name="Validate_SMS_OUTREACH_Button_click_TC_004" time="31.186"/>
  <testcase classname="test.ContactUsTabTest" name="Validate_SMS_OUTREACH_functionality_click_TC_005" time="12.967"/>
  <testcase classname="test.ContactUsTabTest" name="Validate_LINKEDIN_Button_click_TC_006" time="7.969"/>
</testsuite> <!-- PursuitSoftwareTestSuite -->
